OUTPUT 
The input linear program is: 

Maximize  2x_1 + 3x_2 + 1x_3 + 3x_4 
Such that 3x_1 + 1x_2 + 4x_3 -1x_4  <= 1
          -3x_1 -1x_2 -4x_3 + 1x_4  <= -1
          5x_1 + 1x_2 + 6x_3 -10x_4  <= 0
          1x_1 + 2x_2 + 1x_3  <= 0
          x_1, x_2, x_3, x_4 are non-negative

The initial tableau is : 

3    1    4    -1   0    -1   0    0    0     |  1
-----------------------------------------------------
3    1    4    -1   1    0    0    0    0     |  1
3    1    4    -1   0    -1   0    0    1     |  1
5    1    6    -10  0    0    1    0    0     |  0
1    2    1    0    0    0    0    1    0     |  0

=========== PHASE 1 ==========

The entering variable is x_1
The leaving variable is x_7 

0     2/5   2/5   5     0     -1    -3/5  0     0      |  1
--------------------------------------------------------------
0     2/5   2/5   5     1     0     -3/5  0     0      |  1
0     2/5   2/5   5     0     -1    -3/5  0     1      |  1
1     1/5   6/5   -2    0     0     1/5   0     0      |  0
0     9/5   -1/5  2     0     0     -1/5  1     0      |  0

The entering variable is x_2
The leaving variable is x_1 

-2   0    -2   9    0    -1   -1   0    0     |  1
-----------------------------------------------------
-2   0    -2   9    1    0    -1   0    0     |  1
-2   0    -2   9    0    -1   -1   0    1     |  1
5    1    6    -10  0    0    1    0    0     |  0
-9   0    -11  20   0    0    -2   1    0     |  0

The entering variable is x_4
The leaving variable is x_8 

41/20   0       59/20   0       0       -1      -1/10   -9/20   0        |  1
--------------------------------------------------------------------------------
41/20   0       59/20   0       1       0       -1/10   -9/20   0        |  1
41/20   0       59/20   0       0       -1      -1/10   -9/20   1        |  1
1/2     1       1/2     0       0       0       0       1/2     0        |  0
-9/20   0       -11/20  1       0       0       -1/10   1/20    0        |  0

The entering variable is x_1
The leaving variable is x_2 

0       -41/10  9/10    0       0       -1      -1/10   -5/2    0        |  1
--------------------------------------------------------------------------------
0       -41/10  9/10    0       1       0       -1/10   -5/2    0        |  1
0       -41/10  9/10    0       0       -1      -1/10   -5/2    1        |  1
1       2       1       0       0       0       0       1       0        |  0
0       9/10    -1/10   1       0       0       -1/10   1/2     0        |  0

The entering variable is x_3
The leaving variable is x_1 

-9/10   -59/10  0       0       0       -1      -1/10   -17/5   0        |  1
--------------------------------------------------------------------------------
-9/10   -59/10  0       0       1       0       -1/10   -17/5   0        |  1
-9/10   -59/10  0       0       0       -1      -1/10   -17/5   1        |  1
1       2       1       0       0       0       0       1       0        |  0
1/10    11/10   0       1       0       0       -1/10   3/5     0        |  0

This linear program in INFEASIBLE
