OUTPUT 
The input linear program is: 

Maximize  -1x_1 -1x_2 -1x_3 -1x_4 -1x_5 -1x_6 -1x_7 
Such that -1x_1 -1x_4 -1x_5 -1x_6 -1x_7  <= -17
          -1x_1 -1x_2 -1x_5 -1x_6 -1x_7  <= -21
          -1x_1 -1x_2 -1x_3 -1x_6 -1x_7  <= -15
          -1x_1 -1x_2 -1x_3 -1x_4 -1x_7  <= -20
          -1x_1 -1x_2 -1x_3 -1x_4 -1x_5  <= -23
          -1x_2 -1x_3 -1x_4 -1x_5 -1x_6  <= -15
          -1x_3 -1x_4 -1x_5 -1x_6 -1x_7  <= -9
          x_1, x_2, x_3, x_4, x_5, x_6, x_7 are non-negative

The initial tableau is : 

5    5    5    5    5    5    5    -1   -1   -1   -1   -1   -1   -1   0    0    0    0    0    0    0     |  120
-------------------------------------------------------------------------------------------------------------------
1    0    0    1    1    1    1    -1   0    0    0    0    0    0    1    0    0    0    0    0    0     |  17
1    1    0    0    1    1    1    0    -1   0    0    0    0    0    0    1    0    0    0    0    0     |  21
1    1    1    0    0    1    1    0    0    -1   0    0    0    0    0    0    1    0    0    0    0     |  15
1    1    1    1    0    0    1    0    0    0    -1   0    0    0    0    0    0    1    0    0    0     |  20
1    1    1    1    1    0    0    0    0    0    0    -1   0    0    0    0    0    0    1    0    0     |  23
0    1    1    1    1    1    0    0    0    0    0    0    -1   0    0    0    0    0    0    1    0     |  15
0    0    1    1    1    1    1    0    0    0    0    0    0    -1   0    0    0    0    0    0    1     |  9

=========== PHASE 1 ==========

The entering variable is x_1
The leaving variable is x_17 

0   0   0   5   5   0   0   -1  -1  4   -1  -1  -1  -1  0   0   -5  0   0   0   0    |  45
---------------------------------------------------------------------------------------------
0   -1  -1  1   1   0   0   -1  0   1   0   0   0   0   1   0   -1  0   0   0   0    |  2
0   0   -1  0   1   0   0   0   -1  1   0   0   0   0   0   1   -1  0   0   0   0    |  6
1   1   1   0   0   1   1   0   0   -1  0   0   0   0   0   0   1   0   0   0   0    |  15
0   0   0   1   0   -1  0   0   0   1   -1  0   0   0   0   0   -1  1   0   0   0    |  5
0   0   0   1   1   -1  -1  0   0   1   0   -1  0   0   0   0   -1  0   1   0   0    |  8
0   1   1   1   1   1   0   0   0   0   0   0   -1  0   0   0   0   0   0   1   0    |  15
0   0   1   1   1   1   1   0   0   0   0   0   0   -1  0   0   0   0   0   0   1    |  9

The entering variable is x_4
The leaving variable is x_15 

0   5   5   0   0   0   0   4   -1  -1  -1  -1  -1  -1  -5  0   0   0   0   0   0    |  35
---------------------------------------------------------------------------------------------
0   -1  -1  1   1   0   0   -1  0   1   0   0   0   0   1   0   -1  0   0   0   0    |  2
0   0   -1  0   1   0   0   0   -1  1   0   0   0   0   0   1   -1  0   0   0   0    |  6
1   1   1   0   0   1   1   0   0   -1  0   0   0   0   0   0   1   0   0   0   0    |  15
0   1   1   0   -1  -1  0   1   0   0   -1  0   0   0   -1  0   0   1   0   0   0    |  3
0   1   1   0   0   -1  -1  1   0   0   0   -1  0   0   -1  0   0   0   1   0   0    |  6
0   2   2   0   0   1   0   1   0   -1  0   0   -1  0   -1  0   1   0   0   1   0    |  13
0   1   2   0   0   1   1   1   0   -1  0   0   0   -1  -1  0   1   0   0   0   1    |  7

The entering variable is x_2
The leaving variable is x_18 

0   0   0   0   5   5   0   -1  -1  -1  4   -1  -1  -1  0   0   0   -5  0   0   0    |  20
---------------------------------------------------------------------------------------------
0   0   0   1   0   -1  0   0   0   1   -1  0   0   0   0   0   -1  1   0   0   0    |  5
0   0   -1  0   1   0   0   0   -1  1   0   0   0   0   0   1   -1  0   0   0   0    |  6
1   0   0   0   1   2   1   -1  0   -1  1   0   0   0   1   0   1   -1  0   0   0    |  12
0   1   1   0   -1  -1  0   1   0   0   -1  0   0   0   -1  0   0   1   0   0   0    |  3
0   0   0   0   1   0   -1  0   0   0   1   -1  0   0   0   0   0   -1  1   0   0    |  3
0   0   0   0   2   3   0   -1  0   -1  2   0   -1  0   1   0   1   -2  0   1   0    |  7
0   0   1   0   1   2   1   0   0   -1  1   0   0   -1  0   0   1   -1  0   0   1    |  4

The entering variable is x_5
The leaving variable is x_19 

0   0   0   0   0   5   5   -1  -1  -1  -1  4   -1  -1  0   0   0   0   -5  0   0    |  5
--------------------------------------------------------------------------------------------
0   0   0   1   0   -1  0   0   0   1   -1  0   0   0   0   0   -1  1   0   0   0    |  5
0   0   -1  0   0   0   1   0   -1  1   -1  1   0   0   0   1   -1  1   -1  0   0    |  3
1   0   0   0   0   2   2   -1  0   -1  0   1   0   0   1   0   1   0   -1  0   0    |  9
0   1   1   0   0   -1  -1  1   0   0   0   -1  0   0   -1  0   0   0   1   0   0    |  6
0   0   0   0   1   0   -1  0   0   0   1   -1  0   0   0   0   0   -1  1   0   0    |  3
0   0   0   0   0   3   2   -1  0   -1  0   2   -1  0   1   0   1   0   -2  1   0    |  1
0   0   1   0   0   2   2   0   0   -1  0   1   0   -1  0   0   1   0   -1  0   1    |  1

The entering variable is x_6
The leaving variable is x_20 

0     0     0     0     0     0     5/3   2/3   -1    2/3   -1    2/3   2/3   -1    -5/3  0     -5/3  0     -5/3  -5/3  0      |  10/3
-----------------------------------------------------------------------------------------------------------------------------------------
0     0     0     1     0     0     2/3   -1/3  0     2/3   -1    2/3   -1/3  0     1/3   0     -2/3  1     -2/3  1/3   0      |  16/3
0     0     -1    0     0     0     1     0     -1    1     -1    1     0     0     0     1     -1    1     -1    0     0      |  3
1     0     0     0     0     0     2/3   -1/3  0     -1/3  0     -1/3  2/3   0     1/3   0     1/3   0     1/3   -2/3  0      |  25/3
0     1     1     0     0     0     -1/3  2/3   0     -1/3  0     -1/3  -1/3  0     -2/3  0     1/3   0     1/3   1/3   0      |  19/3
0     0     0     0     1     0     -1    0     0     0     1     -1    0     0     0     0     0     -1    1     0     0      |  3
0     0     0     0     0     1     2/3   -1/3  0     -1/3  0     2/3   -1/3  0     1/3   0     1/3   0     -2/3  1/3   0      |  1/3
0     0     1     0     0     0     2/3   2/3   0     -1/3  0     -1/3  2/3   -1    -2/3  0     1/3   0     1/3   -2/3  1      |  1/3

The entering variable is x_7
The leaving variable is x_6 

0     0     0     0     0     -5/2  0     3/2   -1    3/2   -1    -1    3/2   -1    -5/2  0     -5/2  0     0     -5/2  0      |  5/2
----------------------------------------------------------------------------------------------------------------------------------------
0     0     0     1     0     -1    0     0     0     1     -1    0     0     0     0     0     -1    1     0     0     0      |  5
0     0     -1    0     0     -3/2  0     1/2   -1    3/2   -1    0     1/2   0     -1/2  1     -3/2  1     0     -1/2  0      |  5/2
1     0     0     0     0     -1    0     0     0     0     0     -1    1     0     0     0     0     0     1     -1    0      |  8
0     1     1     0     0     1/2   0     1/2   0     -1/2  0     0     -1/2  0     -1/2  0     1/2   0     0     1/2   0      |  13/2
0     0     0     0     1     3/2   0     -1/2  0     -1/2  1     0     -1/2  0     1/2   0     1/2   -1    0     1/2   0      |  7/2
0     0     0     0     0     3/2   1     -1/2  0     -1/2  0     1     -1/2  0     1/2   0     1/2   0     -1    1/2   0      |  1/2
0     0     1     0     0     -1    0     1     0     0     0     -1    1     -1    -1    0     0     0     1     -1    1      |  0

The entering variable is x_8
The leaving variable is x_21 

0     0     -3/2  0     0     -1    0     0     -1    3/2   -1    1/2   0     1/2   -1    0     -5/2  0     -3/2  -1    -3/2   |  5/2
----------------------------------------------------------------------------------------------------------------------------------------
0     0     0     1     0     -1    0     0     0     1     -1    0     0     0     0     0     -1    1     0     0     0      |  5
0     0     -3/2  0     0     -1    0     0     -1    3/2   -1    1/2   0     1/2   0     1     -3/2  1     -1/2  0     -1/2   |  5/2
1     0     0     0     0     -1    0     0     0     0     0     -1    1     0     0     0     0     0     1     -1    0      |  8
0     1     1/2   0     0     1     0     0     0     -1/2  0     1/2   -1    1/2   0     0     1/2   0     -1/2  1     -1/2   |  13/2
0     0     1/2   0     1     1     0     0     0     -1/2  1     -1/2  0     -1/2  0     0     1/2   -1    1/2   0     1/2    |  7/2
0     0     1/2   0     0     1     1     0     0     -1/2  0     1/2   0     -1/2  0     0     1/2   0     -1/2  0     1/2    |  1/2
0     0     1     0     0     -1    0     1     0     0     0     -1    1     -1    -1    0     0     0     1     -1    1      |  0

The entering variable is x_10
The leaving variable is x_16 

0     0     0     0     0     0     0     0     0     0     0     0     0     0     -1    -1    -1    -1    -1    -1    -1     |  0
--------------------------------------------------------------------------------------------------------------------------------------
0     0     1     1     0     -1/3  0     0     2/3   0     -1/3  -1/3  0     -1/3  0     -2/3  0     1/3   1/3   0     1/3    |  10/3
0     0     -1    0     0     -2/3  0     0     -2/3  1     -2/3  1/3   0     1/3   0     2/3   -1    2/3   -1/3  0     -1/3   |  5/3
1     0     0     0     0     -1    0     0     0     0     0     -1    1     0     0     0     0     0     1     -1    0      |  8
0     1     0     0     0     2/3   0     0     -1/3  0     -1/3  2/3   -1    2/3   0     1/3   0     1/3   -2/3  1     -2/3   |  22/3
0     0     0     0     1     2/3   0     0     -1/3  0     2/3   -1/3  0     -1/3  0     1/3   0     -2/3  1/3   0     1/3    |  13/3
0     0     0     0     0     2/3   1     0     -1/3  0     -1/3  2/3   0     -1/3  0     1/3   0     1/3   -2/3  0     1/3    |  4/3
0     0     1     0     0     -1    0     1     0     0     0     -1    1     -1    -1    0     0     0     1     -1    1      |  0


========== PHASE 2 ==========

0     0     0     0     0     -1/3  0     0     -1/3  0     -1/3  -1/3  0     -1/3   |  73/3
-----------------------------------------------------------------------------------------------
0     0     1     1     0     -1/3  0     0     2/3   0     -1/3  -1/3  0     -1/3   |  10/3
0     0     -1    0     0     -2/3  0     0     -2/3  1     -2/3  1/3   0     1/3    |  5/3
1     0     0     0     0     -1    0     0     0     0     0     -1    1     0      |  8
0     1     0     0     0     2/3   0     0     -1/3  0     -1/3  2/3   -1    2/3    |  22/3
0     0     0     0     1     2/3   0     0     -1/3  0     2/3   -1/3  0     -1/3   |  13/3
0     0     0     0     0     2/3   1     0     -1/3  0     -1/3  2/3   0     -1/3   |  4/3
0     0     1     0     0     -1    0     1     0     0     0     -1    1     -1     |  0

An optimal solution is : x_1 = 8, x_2 = 22/3, x_3 = 0, x_4 = 10/3, x_5 = 13/3, x_6 = 0, x_7 = 4/3
The value of the objective for this solution is : -73/3
The number of pivots is : 8
The pivot rule used : Bland
The calculation took 0.027 seconds
